  main.cpp
C:\Users\blesn\Desktop\pop proj v7\template-project-2\main.cpp(372,109): warning C4267: "argument": konwersja z "size_t" do "int", możliwa utrata danych
C:\Users\blesn\Desktop\pop proj v7\template-project-2\main.cpp(375,109): warning C4267: "argument": konwersja z "size_t" do "int", możliwa utrata danych
C:\Users\blesn\Desktop\pop proj v7\template-project-2\main.cpp(377,109): warning C4267: "argument": konwersja z "size_t" do "int", możliwa utrata danych
C:\Users\blesn\Desktop\pop proj v7\template-project-2\main.cpp(371,5): warning C4996: 'sprintf': This function or variable may be unsafe. Consider using sprintf_s instead. To disable deprecation, use _CRT_SECURE_NO_WARNINGS. See online help for details.
C:\Users\blesn\Desktop\pop proj v7\template-project-2\main.cpp(374,5): warning C4996: 'sprintf': This function or variable may be unsafe. Consider using sprintf_s instead. To disable deprecation, use _CRT_SECURE_NO_WARNINGS. See online help for details.
C:\Users\blesn\Desktop\pop proj v7\template-project-2\main.cpp(376,5): warning C4996: 'sprintf': This function or variable may be unsafe. Consider using sprintf_s instead. To disable deprecation, use _CRT_SECURE_NO_WARNINGS. See online help for details.
C:\Users\blesn\Desktop\pop proj v7\template-project-2\main.cpp(384,29): warning C4244: "=": konwersja z "double" do "int", możliwa utrata danych
C:\Users\blesn\Desktop\pop proj v7\template-project-2\main.cpp(385,32): warning C4244: "=": konwersja z "double" do "int", możliwa utrata danych
C:\Users\blesn\Desktop\pop proj v7\template-project-2\main.cpp(397,47): warning C4244: "=": konwersja z "double" do "int", możliwa utrata danych
C:\Users\blesn\Desktop\pop proj v7\template-project-2\main.cpp(398,50): warning C4244: "=": konwersja z "double" do "int", możliwa utrata danych
C:\Users\blesn\Desktop\pop proj v7\template-project-2\main.cpp(413,42): warning C4244: "=": konwersja z "double" do "int", możliwa utrata danych
C:\Users\blesn\Desktop\pop proj v7\template-project-2\main.cpp(414,45): warning C4244: "=": konwersja z "double" do "int", możliwa utrata danych
C:\Users\blesn\Desktop\pop proj v7\template-project-2\main.cpp(455,66): warning C4244: "=": konwersja z "double" do "int", możliwa utrata danych
C:\Users\blesn\Desktop\pop proj v7\template-project-2\main.cpp(525,36): warning C4244: "=": konwersja z "double" do "int", możliwa utrata danych
C:\Users\blesn\Desktop\pop proj v7\template-project-2\main.cpp(526,36): warning C4244: "=": konwersja z "double" do "int", możliwa utrata danych
C:\Users\blesn\Desktop\pop proj v7\template-project-2\main.cpp(527,18): warning C4244: "=": konwersja z "double" do "int", możliwa utrata danych
C:\Users\blesn\Desktop\pop proj v7\template-project-2\main.cpp(528,18): warning C4244: "=": konwersja z "double" do "int", możliwa utrata danych
C:\Users\blesn\Desktop\pop proj v7\template-project-2\main.cpp(589,38): warning C4244: "=": konwersja z "double" do "int", możliwa utrata danych
C:\Users\blesn\Desktop\pop proj v7\template-project-2\main.cpp(590,38): warning C4244: "=": konwersja z "double" do "int", możliwa utrata danych
C:\Users\blesn\Desktop\pop proj v7\template-project-2\main.cpp(599,35): warning C4244: "=": konwersja z "double" do "int", możliwa utrata danych
C:\Users\blesn\Desktop\pop proj v7\template-project-2\main.cpp(600,35): warning C4244: "=": konwersja z "double" do "int", możliwa utrata danych
C:\Users\blesn\Desktop\pop proj v7\template-project-2\main.cpp(612,40): warning C4244: "=": konwersja z "double" do "int", możliwa utrata danych
C:\Users\blesn\Desktop\pop proj v7\template-project-2\main.cpp(613,40): warning C4244: "=": konwersja z "double" do "int", możliwa utrata danych
C:\Users\blesn\Desktop\pop proj v7\template-project-2\main.cpp(657,36): warning C4244: "=": konwersja z "double" do "int", możliwa utrata danych
C:\Users\blesn\Desktop\pop proj v7\template-project-2\main.cpp(658,36): warning C4244: "=": konwersja z "double" do "int", możliwa utrata danych
C:\Users\blesn\Desktop\pop proj v7\template-project-2\main.cpp(664,47): warning C4244: "=": konwersja z "double" do "int", możliwa utrata danych
C:\Users\blesn\Desktop\pop proj v7\template-project-2\main.cpp(665,47): warning C4244: "=": konwersja z "double" do "int", możliwa utrata danych
C:\Users\blesn\Desktop\pop proj v7\template-project-2\main.cpp(1003,15): warning C4244: "argument": konwersja z "time_t" do "unsigned int", możliwa utrata danych
  szablon2vs19.vcxproj -> C:\Users\blesn\Desktop\pop proj v7\template-project-2\x64\Debug\szablon2vs19.exe
